<?xml version="1.0" encoding="UTF-8"?>
<!-- Generated by org.testng.reporters.JUnitReportReporter -->
<testsuite hostname="MUM01L00506" failures="0" tests="2" name="api.automation.test.TextAssertion" time="2.328" errors="0" timestamp="2022-10-07T10:24:55 IST" skipped="1">
  <testcase classname="api.automation.test.TextAssertion" name="textAssertion" time="2.328"/>
  <system-out/>
  <testcase classname="api.automation.test.TextAssertion" name="GetReq">
    <skipped/>
  </testcase> <!-- GetReq -->
  <system-out/>
</testsuite> <!-- api.automation.test.TextAssertion -->
